<?xml version="1.0" encoding="UTF-8"?>
<!-- Generated by org.testng.reporters.JUnitReportReporter -->
<testsuite hostname="LAPTOP-1KHN4IUS" failures="0" tests="1" name="com.Open_MRS.testLayer.Logout_TestCase" time="1.825" errors="0" timestamp="2022-10-17T18:14:12 IST" skipped="0">
  <testcase classname="com.Open_MRS.testLayer.Logout_TestCase" name="verify_Logout_functinality" time="1.825"/>
  <system-out/>
</testsuite> <!-- com.Open_MRS.testLayer.Logout_TestCase -->
