<?xml version="1.0" encoding="UTF-8"?>
<!-- Generated by org.testng.reporters.JUnitReportReporter -->
<testsuite hostname="LAPTOP-1KHN4IUS" failures="0" tests="1" name="com.Open_MRS.testLayer.RegisterPatientTestCase" time="53.637" errors="0" timestamp="2022-10-17T20:05:05 IST" skipped="0">
  <testcase classname="com.Open_MRS.testLayer.RegisterPatientTestCase" name="registerPateientTestCase" time="53.637"/>
  <system-out/>
</testsuite> <!-- com.Open_MRS.testLayer.RegisterPatientTestCase -->
