<?xml version="1.0" encoding="UTF-8"?>
<!-- Generated by org.testng.reporters.JUnitReportReporter -->
<testsuite hostname="LAPTOP-1KHN4IUS" failures="0" tests="1" name="com.Open_MRS.testLayer.FindPatientRecordTestCase" time="28.243" errors="0" timestamp="2022-10-17T22:24:48 IST" skipped="0">
  <testcase classname="com.Open_MRS.testLayer.FindPatientRecordTestCase" name="findPatientRecord" time="28.243"/>
  <system-out/>
</testsuite> <!-- com.Open_MRS.testLayer.FindPatientRecordTestCase -->
